# JRE version: Java(TM) SE Runtime Environment (8.0_152-b16) (build 1.8.0_152-b16)
# Java VM: Java HotSpot(TM) 64-Bit Server VM (25.152-b16 mixed mode windows-amd64 compressed oops)
Heap:
 PSYoungGen      total 66560K, used 46269K [0x00000000eab00000, 0x00000000f1e00000, 0x0000000100000000)
  eden space 57344K, 73% used [0x00000000eab00000,0x00000000ed408a10,0x00000000ee300000)
  from space 9216K, 46% used [0x00000000ee300000,0x00000000ee726d68,0x00000000eec00000)
  to   space 8704K, 0% used [0x00000000f1580000,0x00000000f1580000,0x00000000f1e00000)
 ParOldGen       total 46080K, used 5419K [0x00000000c0000000, 0x00000000c2d00000, 0x00000000eab00000)
  object space 46080K, 11% used [0x00000000c0000000,0x00000000c054ac78,0x00000000c2d00000)
 Metaspace       used 23850K, capacity 25472K, committed 25728K, reserved 1071104K
  class space    used 3097K, capacity 3408K, committed 3456K, reserved 1048576K
GC Heap History (10 events):
Event: 9.141 GC heap before
{Heap before GC invocations=4 (full 0):
 PSYoungGen      total 36864K, used 36850K [0x00000000eab00000, 0x00000000ef300000, 0x0000000100000000)
  eden space 31744K, 100% used [0x00000000eab00000,0x00000000eca00000,0x00000000eca00000)
  from space 5120K, 99% used [0x00000000eca00000,0x00000000ecefc9e0,0x00000000ecf00000)
  to   space 5120K, 0% used [0x00000000eee00000,0x00000000eee00000,0x00000000ef300000)
 ParOldGen       total 84992K, used 1650K [0x00000000c0000000, 0x00000000c5300000, 0x00000000eab00000)
  object space 84992K, 1% used [0x00000000c0000000,0x00000000c019c800,0x00000000c5300000)
 Metaspace       used 19427K, capacity 20698K, committed 20992K, reserved 1067008K
  class space    used 2460K, capacity 2707K, committed 2816K, reserved 1048576K
Event: 9.153 GC heap after
Heap after GC invocations=4 (full 0):
 PSYoungGen      total 36864K, used 5114K [0x00000000eab00000, 0x00000000ef300000, 0x0000000100000000)
  eden space 31744K, 0% used [0x00000000eab00000,0x00000000eab00000,0x00000000eca00000)
  from space 5120K, 99% used [0x00000000eee00000,0x00000000ef2fe800,0x00000000ef300000)
  to   space 5120K, 0% used [0x00000000eca00000,0x00000000eca00000,0x00000000ecf00000)
 ParOldGen       total 84992K, used 4994K [0x00000000c0000000, 0x00000000c5300000, 0x00000000eab00000)
  object space 84992K, 5% used [0x00000000c0000000,0x00000000c04e0a60,0x00000000c5300000)
 Metaspace       used 19427K, capacity 20698K, committed 20992K, reserved 1067008K
  class space    used 2460K, capacity 2707K, committed 2816K, reserved 1048576K
}
Event: 9.270 GC heap before
{Heap before GC invocations=5 (full 0):
 PSYoungGen      total 36864K, used 10920K [0x00000000eab00000, 0x00000000ef300000, 0x0000000100000000)
  eden space 31744K, 18% used [0x00000000eab00000,0x00000000eb0abb90,0x00000000eca00000)
  from space 5120K, 99% used [0x00000000eee00000,0x00000000ef2fe800,0x00000000ef300000)
  to   space 5120K, 0% used [0x00000000eca00000,0x00000000eca00000,0x00000000ecf00000)
 ParOldGen       total 84992K, used 4994K [0x00000000c0000000, 0x00000000c5300000, 0x00000000eab00000)
  object space 84992K, 5% used [0x00000000c0000000,0x00000000c04e0a60,0x00000000c5300000)
 Metaspace       used 19939K, capacity 21234K, committed 21248K, reserved 1067008K
  class space    used 2547K, capacity 2813K, committed 2816K, reserved 1048576K
Event: 9.279 GC heap after
Heap after GC invocations=5 (full 0):
 PSYoungGen      total 36864K, used 5096K [0x00000000eab00000, 0x00000000efa00000, 0x0000000100000000)
  eden space 31744K, 0% used [0x00000000eab00000,0x00000000eab00000,0x00000000eca00000)
  from space 5120K, 99% used [0x00000000eca00000,0x00000000ecefa2e8,0x00000000ecf00000)
  to   space 8704K, 0% used [0x00000000ef180000,0x00000000ef180000,0x00000000efa00000)
 ParOldGen       total 84992K, used 5411K [0x00000000c0000000, 0x00000000c5300000, 0x00000000eab00000)
  object space 84992K, 6% used [0x00000000c0000000,0x00000000c0548ff8,0x00000000c5300000)
 Metaspace       used 19939K, capacity 21234K, committed 21248K, reserved 1067008K
  class space    used 2547K, capacity 2813K, committed 2816K, reserved 1048576K
}
Event: 9.279 GC heap before
{Heap before GC invocations=6 (full 1):
 PSYoungGen      total 36864K, used 5096K [0x00000000eab00000, 0x00000000efa00000, 0x0000000100000000)
  eden space 31744K, 0% used [0x00000000eab00000,0x00000000eab00000,0x00000000eca00000)
  from space 5120K, 99% used [0x00000000eca00000,0x00000000ecefa2e8,0x00000000ecf00000)
  to   space 8704K, 0% used [0x00000000ef180000,0x00000000ef180000,0x00000000efa00000)
 ParOldGen       total 84992K, used 5411K [0x00000000c0000000, 0x00000000c5300000, 0x00000000eab00000)
  object space 84992K, 6% used [0x00000000c0000000,0x00000000c0548ff8,0x00000000c5300000)
 Metaspace       used 19939K, capacity 21234K, committed 21248K, reserved 1067008K
  class space    used 2547K, capacity 2813K, committed 2816K, reserved 1048576K
Event: 9.325 GC heap after
Heap after GC invocations=6 (full 1):
 PSYoungGen      total 36864K, used 0K [0x00000000eab00000, 0x00000000efa00000, 0x0000000100000000)
  eden space 31744K, 0% used [0x00000000eab00000,0x00000000eab00000,0x00000000eca00000)
  from space 5120K, 0% used [0x00000000eca00000,0x00000000eca00000,0x00000000ecf00000)
  to   space 8704K, 0% used [0x00000000ef180000,0x00000000ef180000,0x00000000efa00000)
 ParOldGen       total 46080K, used 5403K [0x00000000c0000000, 0x00000000c2d00000, 0x00000000eab00000)
  object space 46080K, 11% used [0x00000000c0000000,0x00000000c0546c78,0x00000000c2d00000)
 Metaspace       used 19939K, capacity 21234K, committed 21248K, reserved 1067008K
  class space    used 2547K, capacity 2813K, committed 2816K, reserved 1048576K
}
Event: 15.789 GC heap before
{Heap before GC invocations=7 (full 1):
 PSYoungGen      total 36864K, used 31744K [0x00000000eab00000, 0x00000000efa00000, 0x0000000100000000)
  eden space 31744K, 100% used [0x00000000eab00000,0x00000000eca00000,0x00000000eca00000)
  from space 5120K, 0% used [0x00000000eca00000,0x00000000eca00000,0x00000000ecf00000)
  to   space 8704K, 0% used [0x00000000ef180000,0x00000000ef180000,0x00000000efa00000)
 ParOldGen       total 46080K, used 5403K [0x00000000c0000000, 0x00000000c2d00000, 0x00000000eab00000)
  object space 46080K, 11% used [0x00000000c0000000,0x00000000c0546c78,0x00000000c2d00000)
 Metaspace       used 22432K, capacity 23926K, committed 24064K, reserved 1071104K
  class space    used 2933K, capacity 3247K, committed 3328K, reserved 1048576K
Event: 15.794 GC heap after
Heap after GC invocations=7 (full 1):
 PSYoungGen      total 60416K, used 3379K [0x00000000eab00000, 0x00000000ef500000, 0x0000000100000000)
  eden space 56832K, 0% used [0x00000000eab00000,0x00000000eab00000,0x00000000ee280000)
  from space 3584K, 94% used [0x00000000ef180000,0x00000000ef4ccd20,0x00000000ef500000)
  to   space 9216K, 0% used [0x00000000ee300000,0x00000000ee300000,0x00000000eec00000)
 ParOldGen       total 46080K, used 5411K [0x00000000c0000000, 0x00000000c2d00000, 0x00000000eab00000)
  object space 46080K, 11% used [0x00000000c0000000,0x00000000c0548c78,0x00000000c2d00000)
 Metaspace       used 22432K, capacity 23926K, committed 24064K, reserved 1071104K
  class space    used 2933K, capacity 3247K, committed 3328K, reserved 1048576K
}
Event: 16.343 GC heap before
{Heap before GC invocations=8 (full 1):
 PSYoungGen      total 60416K, used 60211K [0x00000000eab00000, 0x00000000ef500000, 0x0000000100000000)
  eden space 56832K, 100% used [0x00000000eab00000,0x00000000ee280000,0x00000000ee280000)
  from space 3584K, 94% used [0x00000000ef180000,0x00000000ef4ccd20,0x00000000ef500000)
  to   space 9216K, 0% used [0x00000000ee300000,0x00000000ee300000,0x00000000eec00000)
 ParOldGen       total 46080K, used 5411K [0x00000000c0000000, 0x00000000c2d00000, 0x00000000eab00000)
  object space 46080K, 11% used [0x00000000c0000000,0x00000000c0548c78,0x00000000c2d00000)
 Metaspace       used 23686K, capacity 25308K, committed 25472K, reserved 1071104K
  class space    used 3085K, capacity 3404K, committed 3456K, reserved 1048576K
Event: 16.349 GC heap after
Heap after GC invocations=8 (full 1):
 PSYoungGen      total 66560K, used 4251K [0x00000000eab00000, 0x00000000f1e00000, 0x0000000100000000)
  eden space 57344K, 0% used [0x00000000eab00000,0x00000000eab00000,0x00000000ee300000)
  from space 9216K, 46% used [0x00000000ee300000,0x00000000ee726d68,0x00000000eec00000)
  to   space 8704K, 0% used [0x00000000f1580000,0x00000000f1580000,0x00000000f1e00000)
 ParOldGen       total 46080K, used 5419K [0x00000000c0000000, 0x00000000c2d00000, 0x00000000eab00000)
  object space 46080K, 11% used [0x00000000c0000000,0x00000000c054ac78,0x00000000c2d00000)
 Metaspace       used 23686K, capacity 25308K, committed 25472K, reserved 1071104K
  class space    used 3085K, capacity 3404K, committed 3456K, reserved 1048576K
}

