# JRE version: Java(TM) SE Runtime Environment (8.0_152-b16) (build 1.8.0_152-b16)
# Java VM: Java HotSpot(TM) 64-Bit Server VM (25.152-b16 mixed mode windows-amd64 compressed oops)
Heap:
 PSYoungGen      total 133632K, used 41838K [0x00000000d6b00000, 0x00000000e5080000, 0x0000000100000000)
  eden space 125440K, 30% used [0x00000000d6b00000,0x00000000d9028a88,0x00000000de580000)
  from space 8192K, 46% used [0x00000000de580000,0x00000000de933108,0x00000000ded80000)
  to   space 8704K, 0% used [0x00000000e4800000,0x00000000e4800000,0x00000000e5080000)
 ParOldGen       total 44544K, used 5414K [0x0000000084000000, 0x0000000086b80000, 0x00000000d6b00000)
  object space 44544K, 12% used [0x0000000084000000,0x0000000084549b90,0x0000000086b80000)
 Metaspace       used 24206K, capacity 25798K, committed 25984K, reserved 1071104K
  class space    used 3148K, capacity 3445K, committed 3456K, reserved 1048576K
GC Heap History (10 events):
Event: 8.238 GC heap before
{Heap before GC invocations=4 (full 0):
 PSYoungGen      total 36864K, used 36848K [0x00000000d6b00000, 0x00000000db300000, 0x0000000100000000)
  eden space 31744K, 100% used [0x00000000d6b00000,0x00000000d8a00000,0x00000000d8a00000)
  from space 5120K, 99% used [0x00000000d8a00000,0x00000000d8efc340,0x00000000d8f00000)
  to   space 5120K, 0% used [0x00000000dae00000,0x00000000dae00000,0x00000000db300000)
 ParOldGen       total 84992K, used 1602K [0x0000000084000000, 0x0000000089300000, 0x00000000d6b00000)
  object space 84992K, 1% used [0x0000000084000000,0x0000000084190830,0x0000000089300000)
 Metaspace       used 19422K, capacity 20702K, committed 20992K, reserved 1067008K
  class space    used 2456K, capacity 2707K, committed 2816K, reserved 1048576K
Event: 8.250 GC heap after
Heap after GC invocations=4 (full 0):
 PSYoungGen      total 68608K, used 5118K [0x00000000d6b00000, 0x00000000db300000, 0x0000000100000000)
  eden space 63488K, 0% used [0x00000000d6b00000,0x00000000d6b00000,0x00000000da900000)
  from space 5120K, 99% used [0x00000000dae00000,0x00000000db2ffbc8,0x00000000db300000)
  to   space 5120K, 0% used [0x00000000da900000,0x00000000da900000,0x00000000dae00000)
 ParOldGen       total 84992K, used 4890K [0x0000000084000000, 0x0000000089300000, 0x00000000d6b00000)
  object space 84992K, 5% used [0x0000000084000000,0x00000000844c69c8,0x0000000089300000)
 Metaspace       used 19422K, capacity 20702K, committed 20992K, reserved 1067008K
  class space    used 2456K, capacity 2707K, committed 2816K, reserved 1048576K
}
Event: 8.355 GC heap before
{Heap before GC invocations=5 (full 0):
 PSYoungGen      total 68608K, used 11561K [0x00000000d6b00000, 0x00000000db300000, 0x0000000100000000)
  eden space 63488K, 10% used [0x00000000d6b00000,0x00000000d714a980,0x00000000da900000)
  from space 5120K, 99% used [0x00000000dae00000,0x00000000db2ffbc8,0x00000000db300000)
  to   space 5120K, 0% used [0x00000000da900000,0x00000000da900000,0x00000000dae00000)
 ParOldGen       total 84992K, used 4890K [0x0000000084000000, 0x0000000089300000, 0x00000000d6b00000)
  object space 84992K, 5% used [0x0000000084000000,0x00000000844c69c8,0x0000000089300000)
 Metaspace       used 19940K, capacity 21238K, committed 21248K, reserved 1067008K
  class space    used 2547K, capacity 2813K, committed 2816K, reserved 1048576K
Event: 8.370 GC heap after
Heap after GC invocations=5 (full 0):
 PSYoungGen      total 68608K, used 5098K [0x00000000d6b00000, 0x00000000df800000, 0x0000000100000000)
  eden space 63488K, 0% used [0x00000000d6b00000,0x00000000d6b00000,0x00000000da900000)
  from space 5120K, 99% used [0x00000000da900000,0x00000000dadfa900,0x00000000dae00000)
  to   space 8704K, 0% used [0x00000000def80000,0x00000000def80000,0x00000000df800000)
 ParOldGen       total 84992K, used 5307K [0x0000000084000000, 0x0000000089300000, 0x00000000d6b00000)
  object space 84992K, 6% used [0x0000000084000000,0x000000008452ecb8,0x0000000089300000)
 Metaspace       used 19940K, capacity 21238K, committed 21248K, reserved 1067008K
  class space    used 2547K, capacity 2813K, committed 2816K, reserved 1048576K
}
Event: 8.370 GC heap before
{Heap before GC invocations=6 (full 1):
 PSYoungGen      total 68608K, used 5098K [0x00000000d6b00000, 0x00000000df800000, 0x0000000100000000)
  eden space 63488K, 0% used [0x00000000d6b00000,0x00000000d6b00000,0x00000000da900000)
  from space 5120K, 99% used [0x00000000da900000,0x00000000dadfa900,0x00000000dae00000)
  to   space 8704K, 0% used [0x00000000def80000,0x00000000def80000,0x00000000df800000)
 ParOldGen       total 84992K, used 5307K [0x0000000084000000, 0x0000000089300000, 0x00000000d6b00000)
  object space 84992K, 6% used [0x0000000084000000,0x000000008452ecb8,0x0000000089300000)
 Metaspace       used 19940K, capacity 21238K, committed 21248K, reserved 1067008K
  class space    used 2547K, capacity 2813K, committed 2816K, reserved 1048576K
Event: 8.413 GC heap after
Heap after GC invocations=6 (full 1):
 PSYoungGen      total 68608K, used 0K [0x00000000d6b00000, 0x00000000df800000, 0x0000000100000000)
  eden space 63488K, 0% used [0x00000000d6b00000,0x00000000d6b00000,0x00000000da900000)
  from space 5120K, 0% used [0x00000000da900000,0x00000000da900000,0x00000000dae00000)
  to   space 8704K, 0% used [0x00000000def80000,0x00000000def80000,0x00000000df800000)
 ParOldGen       total 44544K, used 5406K [0x0000000084000000, 0x0000000086b80000, 0x00000000d6b00000)
  object space 44544K, 12% used [0x0000000084000000,0x0000000084547b90,0x0000000086b80000)
 Metaspace       used 19940K, capacity 21238K, committed 21248K, reserved 1067008K
  class space    used 2547K, capacity 2813K, committed 2816K, reserved 1048576K
}
Event: 15.236 GC heap before
{Heap before GC invocations=7 (full 1):
 PSYoungGen      total 68608K, used 63488K [0x00000000d6b00000, 0x00000000df800000, 0x0000000100000000)
  eden space 63488K, 100% used [0x00000000d6b00000,0x00000000da900000,0x00000000da900000)
  from space 5120K, 0% used [0x00000000da900000,0x00000000da900000,0x00000000dae00000)
  to   space 8704K, 0% used [0x00000000def80000,0x00000000def80000,0x00000000df800000)
 ParOldGen       total 44544K, used 5406K [0x0000000084000000, 0x0000000086b80000, 0x00000000d6b00000)
  object space 44544K, 12% used [0x0000000084000000,0x0000000084547b90,0x0000000086b80000)
 Metaspace       used 23373K, capacity 24928K, committed 25216K, reserved 1071104K
  class space    used 3049K, capacity 3332K, committed 3456K, reserved 1048576K
Event: 15.245 GC heap after
Heap after GC invocations=7 (full 1):
 PSYoungGen      total 123904K, used 5727K [0x00000000d6b00000, 0x00000000df580000, 0x0000000100000000)
  eden space 117760K, 0% used [0x00000000d6b00000,0x00000000d6b00000,0x00000000dde00000)
  from space 6144K, 93% used [0x00000000def80000,0x00000000df517f88,0x00000000df580000)
  to   space 8192K, 0% used [0x00000000de580000,0x00000000de580000,0x00000000ded80000)
 ParOldGen       total 44544K, used 5414K [0x0000000084000000, 0x0000000086b80000, 0x00000000d6b00000)
  object space 44544K, 12% used [0x0000000084000000,0x0000000084549b90,0x0000000086b80000)
 Metaspace       used 23373K, capacity 24928K, committed 25216K, reserved 1071104K
  class space    used 3049K, capacity 3332K, committed 3456K, reserved 1048576K
}
Event: 15.586 GC heap before
{Heap before GC invocations=8 (full 1):
 PSYoungGen      total 123904K, used 123487K [0x00000000d6b00000, 0x00000000df580000, 0x0000000100000000)
  eden space 117760K, 100% used [0x00000000d6b00000,0x00000000dde00000,0x00000000dde00000)
  from space 6144K, 93% used [0x00000000def80000,0x00000000df517f88,0x00000000df580000)
  to   space 8192K, 0% used [0x00000000de580000,0x00000000de580000,0x00000000ded80000)
 ParOldGen       total 44544K, used 5414K [0x0000000084000000, 0x0000000086b80000, 0x00000000d6b00000)
  object space 44544K, 12% used [0x0000000084000000,0x0000000084549b90,0x0000000086b80000)
 Metaspace       used 23831K, capacity 25472K, committed 25728K, reserved 1071104K
  class space    used 3098K, capacity 3408K, committed 3456K, reserved 1048576K
Event: 15.596 GC heap after
Heap after GC invocations=8 (full 1):
 PSYoungGen      total 133632K, used 3788K [0x00000000d6b00000, 0x00000000e5080000, 0x0000000100000000)
  eden space 125440K, 0% used [0x00000000d6b00000,0x00000000d6b00000,0x00000000de580000)
  from space 8192K, 46% used [0x00000000de580000,0x00000000de933108,0x00000000ded80000)
  to   space 8704K, 0% used [0x00000000e4800000,0x00000000e4800000,0x00000000e5080000)
 ParOldGen       total 44544K, used 5414K [0x0000000084000000, 0x0000000086b80000, 0x00000000d6b00000)
  object space 44544K, 12% used [0x0000000084000000,0x0000000084549b90,0x0000000086b80000)
 Metaspace       used 23831K, capacity 25472K, committed 25728K, reserved 1071104K
  class space    used 3098K, capacity 3408K, committed 3456K, reserved 1048576K
}

