# JRE version: Java(TM) SE Runtime Environment (8.0_152-b16) (build 1.8.0_152-b16)
# Java VM: Java HotSpot(TM) 64-Bit Server VM (25.152-b16 mixed mode windows-amd64 compressed oops)
Heap:
 PSYoungGen      total 65536K, used 28976K [0x00000000d6b00000, 0x00000000def80000, 0x0000000100000000)
  eden space 60416K, 39% used [0x00000000d6b00000,0x00000000d824d8d8,0x00000000da600000)
  from space 5120K, 99% used [0x00000000dae00000,0x00000000db2feab0,0x00000000db300000)
  to   space 8192K, 0% used [0x00000000da600000,0x00000000da600000,0x00000000dae00000)
 ParOldGen       total 44032K, used 5806K [0x0000000084000000, 0x0000000086b00000, 0x00000000d6b00000)
  object space 44032K, 13% used [0x0000000084000000,0x00000000845abb78,0x0000000086b00000)
 Metaspace       used 23643K, capacity 25270K, committed 25472K, reserved 1071104K
  class space    used 3079K, capacity 3371K, committed 3456K, reserved 1048576K
GC Heap History (10 events):
Event: 2.229 GC heap before
{Heap before GC invocations=3 (full 0):
 PSYoungGen      total 36864K, used 36835K [0x00000000d6b00000, 0x00000000db300000, 0x0000000100000000)
  eden space 31744K, 100% used [0x00000000d6b00000,0x00000000d8a00000,0x00000000d8a00000)
  from space 5120K, 99% used [0x00000000d8f00000,0x00000000d93f8ea0,0x00000000d9400000)
  to   space 5120K, 0% used [0x00000000d8a00000,0x00000000d8a00000,0x00000000d8f00000)
 ParOldGen       total 84992K, used 595K [0x0000000084000000, 0x0000000089300000, 0x00000000d6b00000)
  object space 84992K, 0% used [0x0000000084000000,0x0000000084094c60,0x0000000089300000)
 Metaspace       used 15790K, capacity 16850K, committed 17152K, reserved 1064960K
  class space    used 1991K, capacity 2211K, committed 2304K, reserved 1048576K
Event: 2.259 GC heap after
Heap after GC invocations=3 (full 0):
 PSYoungGen      total 36864K, used 5103K [0x00000000d6b00000, 0x00000000db300000, 0x0000000100000000)
  eden space 31744K, 0% used [0x00000000d6b00000,0x00000000d6b00000,0x00000000d8a00000)
  from space 5120K, 99% used [0x00000000d8a00000,0x00000000d8efbc90,0x00000000d8f00000)
  to   space 5120K, 0% used [0x00000000dae00000,0x00000000dae00000,0x00000000db300000)
 ParOldGen       total 84992K, used 1818K [0x0000000084000000, 0x0000000089300000, 0x00000000d6b00000)
  object space 84992K, 2% used [0x0000000084000000,0x00000000841c6918,0x0000000089300000)
 Metaspace       used 15790K, capacity 16850K, committed 17152K, reserved 1064960K
  class space    used 1991K, capacity 2211K, committed 2304K, reserved 1048576K
}
Event: 8.144 GC heap before
{Heap before GC invocations=4 (full 0):
 PSYoungGen      total 36864K, used 36847K [0x00000000d6b00000, 0x00000000db300000, 0x0000000100000000)
  eden space 31744K, 100% used [0x00000000d6b00000,0x00000000d8a00000,0x00000000d8a00000)
  from space 5120K, 99% used [0x00000000d8a00000,0x00000000d8efbc90,0x00000000d8f00000)
  to   space 5120K, 0% used [0x00000000dae00000,0x00000000dae00000,0x00000000db300000)
 ParOldGen       total 84992K, used 1818K [0x0000000084000000, 0x0000000089300000, 0x00000000d6b00000)
  object space 84992K, 2% used [0x0000000084000000,0x00000000841c6918,0x0000000089300000)
 Metaspace       used 19436K, capacity 20698K, committed 20992K, reserved 1067008K
  class space    used 2462K, capacity 2707K, committed 2816K, reserved 1048576K
Event: 8.154 GC heap after
Heap after GC invocations=4 (full 0):
 PSYoungGen      total 68608K, used 5119K [0x00000000d6b00000, 0x00000000db300000, 0x0000000100000000)
  eden space 63488K, 0% used [0x00000000d6b00000,0x00000000d6b00000,0x00000000da900000)
  from space 5120K, 99% used [0x00000000dae00000,0x00000000db2ffd90,0x00000000db300000)
  to   space 5120K, 0% used [0x00000000da900000,0x00000000da900000,0x00000000dae00000)
 ParOldGen       total 84992K, used 4892K [0x0000000084000000, 0x0000000089300000, 0x00000000d6b00000)
  object space 84992K, 5% used [0x0000000084000000,0x00000000844c72d0,0x0000000089300000)
 Metaspace       used 19436K, capacity 20698K, committed 20992K, reserved 1067008K
  class space    used 2462K, capacity 2707K, committed 2816K, reserved 1048576K
}
Event: 8.226 GC heap before
{Heap before GC invocations=5 (full 0):
 PSYoungGen      total 68608K, used 10784K [0x00000000d6b00000, 0x00000000db300000, 0x0000000100000000)
  eden space 63488K, 8% used [0x00000000d6b00000,0x00000000d7088478,0x00000000da900000)
  from space 5120K, 99% used [0x00000000dae00000,0x00000000db2ffd90,0x00000000db300000)
  to   space 5120K, 0% used [0x00000000da900000,0x00000000da900000,0x00000000dae00000)
 ParOldGen       total 84992K, used 4892K [0x0000000084000000, 0x0000000089300000, 0x00000000d6b00000)
  object space 84992K, 5% used [0x0000000084000000,0x00000000844c72d0,0x0000000089300000)
 Metaspace       used 19937K, capacity 21234K, committed 21248K, reserved 1067008K
  class space    used 2547K, capacity 2813K, committed 2816K, reserved 1048576K
Event: 8.235 GC heap after
Heap after GC invocations=5 (full 0):
 PSYoungGen      total 68608K, used 5093K [0x00000000d6b00000, 0x00000000db300000, 0x0000000100000000)
  eden space 63488K, 0% used [0x00000000d6b00000,0x00000000d6b00000,0x00000000da900000)
  from space 5120K, 99% used [0x00000000da900000,0x00000000dadf97b0,0x00000000dae00000)
  to   space 5120K, 0% used [0x00000000dae00000,0x00000000dae00000,0x00000000db300000)
 ParOldGen       total 84992K, used 5253K [0x0000000084000000, 0x0000000089300000, 0x00000000d6b00000)
  object space 84992K, 6% used [0x0000000084000000,0x0000000084521600,0x0000000089300000)
 Metaspace       used 19937K, capacity 21234K, committed 21248K, reserved 1067008K
  class space    used 2547K, capacity 2813K, committed 2816K, reserved 1048576K
}
Event: 8.235 GC heap before
{Heap before GC invocations=6 (full 1):
 PSYoungGen      total 68608K, used 5093K [0x00000000d6b00000, 0x00000000db300000, 0x0000000100000000)
  eden space 63488K, 0% used [0x00000000d6b00000,0x00000000d6b00000,0x00000000da900000)
  from space 5120K, 99% used [0x00000000da900000,0x00000000dadf97b0,0x00000000dae00000)
  to   space 5120K, 0% used [0x00000000dae00000,0x00000000dae00000,0x00000000db300000)
 ParOldGen       total 84992K, used 5253K [0x0000000084000000, 0x0000000089300000, 0x00000000d6b00000)
  object space 84992K, 6% used [0x0000000084000000,0x0000000084521600,0x0000000089300000)
 Metaspace       used 19937K, capacity 21234K, committed 21248K, reserved 1067008K
  class space    used 2547K, capacity 2813K, committed 2816K, reserved 1048576K
Event: 8.275 GC heap after
Heap after GC invocations=6 (full 1):
 PSYoungGen      total 68608K, used 0K [0x00000000d6b00000, 0x00000000db300000, 0x0000000100000000)
  eden space 63488K, 0% used [0x00000000d6b00000,0x00000000d6b00000,0x00000000da900000)
  from space 5120K, 0% used [0x00000000da900000,0x00000000da900000,0x00000000dae00000)
  to   space 5120K, 0% used [0x00000000dae00000,0x00000000dae00000,0x00000000db300000)
 ParOldGen       total 44032K, used 5368K [0x0000000084000000, 0x0000000086b00000, 0x00000000d6b00000)
  object space 44032K, 12% used [0x0000000084000000,0x000000008453e3b0,0x0000000086b00000)
 Metaspace       used 19937K, capacity 21234K, committed 21248K, reserved 1067008K
  class space    used 2547K, capacity 2813K, committed 2816K, reserved 1048576K
}
Event: 14.295 GC heap before
{Heap before GC invocations=7 (full 1):
 PSYoungGen      total 68608K, used 63488K [0x00000000d6b00000, 0x00000000db300000, 0x0000000100000000)
  eden space 63488K, 100% used [0x00000000d6b00000,0x00000000da900000,0x00000000da900000)
  from space 5120K, 0% used [0x00000000da900000,0x00000000da900000,0x00000000dae00000)
  to   space 5120K, 0% used [0x00000000dae00000,0x00000000dae00000,0x00000000db300000)
 ParOldGen       total 44032K, used 5368K [0x0000000084000000, 0x0000000086b00000, 0x00000000d6b00000)
  object space 44032K, 12% used [0x0000000084000000,0x000000008453e3b0,0x0000000086b00000)
 Metaspace       used 23366K, capacity 24960K, committed 25216K, reserved 1071104K
  class space    used 3051K, capacity 3364K, committed 3456K, reserved 1048576K
Event: 14.302 GC heap after
Heap after GC invocations=7 (full 1):
 PSYoungGen      total 65536K, used 5114K [0x00000000d6b00000, 0x00000000def80000, 0x0000000100000000)
  eden space 60416K, 0% used [0x00000000d6b00000,0x00000000d6b00000,0x00000000da600000)
  from space 5120K, 99% used [0x00000000dae00000,0x00000000db2feab0,0x00000000db300000)
  to   space 8192K, 0% used [0x00000000da600000,0x00000000da600000,0x00000000dae00000)
 ParOldGen       total 44032K, used 5806K [0x0000000084000000, 0x0000000086b00000, 0x00000000d6b00000)
  object space 44032K, 13% used [0x0000000084000000,0x00000000845abb78,0x0000000086b00000)
 Metaspace       used 23366K, capacity 24960K, committed 25216K, reserved 1071104K
  class space    used 3051K, capacity 3364K, committed 3456K, reserved 1048576K
}

