# JRE version: Java(TM) SE Runtime Environment (8.0_152-b16) (build 1.8.0_152-b16)
# Java VM: Java HotSpot(TM) 64-Bit Server VM (25.152-b16 mixed mode windows-amd64 compressed oops)
Heap:
 PSYoungGen      total 196608K, used 26428K [0x00000000d6b00000, 0x00000000e3900000, 0x0000000100000000)
  eden space 189952K, 11% used [0x00000000d6b00000,0x00000000d803de40,0x00000000e2480000)
  from space 6656K, 70% used [0x00000000e3280000,0x00000000e37113a8,0x00000000e3900000)
  to   space 9728K, 0% used [0x00000000e2600000,0x00000000e2600000,0x00000000e2f80000)
 ParOldGen       total 54272K, used 11123K [0x0000000084000000, 0x0000000087500000, 0x00000000d6b00000)
  object space 54272K, 20% used [0x0000000084000000,0x0000000084adceb8,0x0000000087500000)
 Metaspace       used 32385K, capacity 34234K, committed 34432K, reserved 1079296K
  class space    used 4303K, capacity 4655K, committed 4736K, reserved 1048576K
GC Heap History (10 events):
Event: 4.730 GC heap before
{Heap before GC invocations=7 (full 1):
 PSYoungGen      total 135168K, used 6840K [0x00000000d6b00000, 0x00000000df700000, 0x0000000100000000)
  eden space 126976K, 0% used [0x00000000d6b00000,0x00000000d6b00000,0x00000000de700000)
  from space 8192K, 83% used [0x00000000def00000,0x00000000df5ae350,0x00000000df700000)
  to   space 8192K, 0% used [0x00000000de700000,0x00000000de700000,0x00000000def00000)
 ParOldGen       total 84992K, used 3199K [0x0000000084000000, 0x0000000089300000, 0x00000000d6b00000)
  object space 84992K, 3% used [0x0000000084000000,0x000000008431ff88,0x0000000089300000)
 Metaspace       used 20025K, capacity 21186K, committed 21296K, reserved 1067008K
  class space    used 2617K, capacity 2873K, committed 2944K, reserved 1048576K
Event: 4.810 GC heap after
Heap after GC invocations=7 (full 1):
 PSYoungGen      total 135168K, used 0K [0x00000000d6b00000, 0x00000000df700000, 0x0000000100000000)
  eden space 126976K, 0% used [0x00000000d6b00000,0x00000000d6b00000,0x00000000de700000)
  from space 8192K, 0% used [0x00000000def00000,0x00000000def00000,0x00000000df700000)
  to   space 8192K, 0% used [0x00000000de700000,0x00000000de700000,0x00000000def00000)
 ParOldGen       total 54272K, used 6812K [0x0000000084000000, 0x0000000087500000, 0x00000000d6b00000)
  object space 54272K, 12% used [0x0000000084000000,0x00000000846a7208,0x0000000087500000)
 Metaspace       used 20025K, capacity 21186K, committed 21296K, reserved 1067008K
  class space    used 2617K, capacity 2873K, committed 2944K, reserved 1048576K
}
Event: 27.480 GC heap before
{Heap before GC invocations=8 (full 1):
 PSYoungGen      total 135168K, used 126976K [0x00000000d6b00000, 0x00000000df700000, 0x0000000100000000)
  eden space 126976K, 100% used [0x00000000d6b00000,0x00000000de700000,0x00000000de700000)
  from space 8192K, 0% used [0x00000000def00000,0x00000000def00000,0x00000000df700000)
  to   space 8192K, 0% used [0x00000000de700000,0x00000000de700000,0x00000000def00000)
 ParOldGen       total 54272K, used 6812K [0x0000000084000000, 0x0000000087500000, 0x00000000d6b00000)
  object space 54272K, 12% used [0x0000000084000000,0x00000000846a7208,0x0000000087500000)
 Metaspace       used 28590K, capacity 30172K, committed 30336K, reserved 1075200K
  class space    used 3812K, capacity 4118K, committed 4224K, reserved 1048576K
Event: 27.496 GC heap after
Heap after GC invocations=8 (full 1):
 PSYoungGen      total 135168K, used 8181K [0x00000000d6b00000, 0x00000000e3c80000, 0x0000000100000000)
  eden space 126976K, 0% used [0x00000000d6b00000,0x00000000d6b00000,0x00000000de700000)
  from space 8192K, 99% used [0x00000000de700000,0x00000000deefd608,0x00000000def00000)
  to   space 10240K, 0% used [0x00000000e3280000,0x00000000e3280000,0x00000000e3c80000)
 ParOldGen       total 54272K, used 8607K [0x0000000084000000, 0x0000000087500000, 0x00000000d6b00000)
  object space 54272K, 15% used [0x0000000084000000,0x0000000084867d88,0x0000000087500000)
 Metaspace       used 28590K, capacity 30172K, committed 30336K, reserved 1075200K
  class space    used 3812K, capacity 4118K, committed 4224K, reserved 1048576K
}
Event: 28.378 GC heap before
{Heap before GC invocations=9 (full 1):
 PSYoungGen      total 135168K, used 135157K [0x00000000d6b00000, 0x00000000e3c80000, 0x0000000100000000)
  eden space 126976K, 100% used [0x00000000d6b00000,0x00000000de700000,0x00000000de700000)
  from space 8192K, 99% used [0x00000000de700000,0x00000000deefd608,0x00000000def00000)
  to   space 10240K, 0% used [0x00000000e3280000,0x00000000e3280000,0x00000000e3c80000)
 ParOldGen       total 54272K, used 8607K [0x0000000084000000, 0x0000000087500000, 0x00000000d6b00000)
  object space 54272K, 15% used [0x0000000084000000,0x0000000084867d88,0x0000000087500000)
 Metaspace       used 30039K, capacity 31740K, committed 32000K, reserved 1077248K
  class space    used 3971K, capacity 4338K, committed 4352K, reserved 1048576K
Event: 28.386 GC heap after
Heap after GC invocations=9 (full 1):
 PSYoungGen      total 196608K, used 6586K [0x00000000d6b00000, 0x00000000e3900000, 0x0000000100000000)
  eden space 189952K, 0% used [0x00000000d6b00000,0x00000000d6b00000,0x00000000e2480000)
  from space 6656K, 98% used [0x00000000e3280000,0x00000000e38eeab8,0x00000000e3900000)
  to   space 9728K, 0% used [0x00000000e2600000,0x00000000e2600000,0x00000000e2f80000)
 ParOldGen       total 54272K, used 8615K [0x0000000084000000, 0x0000000087500000, 0x00000000d6b00000)
  object space 54272K, 15% used [0x0000000084000000,0x0000000084869d88,0x0000000087500000)
 Metaspace       used 30039K, capacity 31740K, committed 32000K, reserved 1077248K
  class space    used 3971K, capacity 4338K, committed 4352K, reserved 1048576K
}
Event: 28.653 GC heap before
{Heap before GC invocations=10 (full 1):
 PSYoungGen      total 196608K, used 196538K [0x00000000d6b00000, 0x00000000e3900000, 0x0000000100000000)
  eden space 189952K, 100% used [0x00000000d6b00000,0x00000000e2480000,0x00000000e2480000)
  from space 6656K, 98% used [0x00000000e3280000,0x00000000e38eeab8,0x00000000e3900000)
  to   space 9728K, 0% used [0x00000000e2600000,0x00000000e2600000,0x00000000e2f80000)
 ParOldGen       total 54272K, used 8615K [0x0000000084000000, 0x0000000087500000, 0x00000000d6b00000)
  object space 54272K, 15% used [0x0000000084000000,0x0000000084869d88,0x0000000087500000)
 Metaspace       used 30376K, capacity 32118K, committed 32256K, reserved 1077248K
  class space    used 4003K, capacity 4345K, committed 4352K, reserved 1048576K
Event: 28.664 GC heap after
Heap after GC invocations=10 (full 1):
 PSYoungGen      total 199680K, used 6052K [0x00000000d6b00000, 0x00000000e3900000, 0x0000000100000000)
  eden space 189952K, 0% used [0x00000000d6b00000,0x00000000d6b00000,0x00000000e2480000)
  from space 9728K, 62% used [0x00000000e2600000,0x00000000e2be9090,0x00000000e2f80000)
  to   space 6656K, 0% used [0x00000000e3280000,0x00000000e3280000,0x00000000e3900000)
 ParOldGen       total 54272K, used 8623K [0x0000000084000000, 0x0000000087500000, 0x00000000d6b00000)
  object space 54272K, 15% used [0x0000000084000000,0x000000008486bd88,0x0000000087500000)
 Metaspace       used 30376K, capacity 32118K, committed 32256K, reserved 1077248K
  class space    used 4003K, capacity 4345K, committed 4352K, reserved 1048576K
}
Event: 29.157 GC heap before
{Heap before GC invocations=11 (full 1):
 PSYoungGen      total 199680K, used 196004K [0x00000000d6b00000, 0x00000000e3900000, 0x0000000100000000)
  eden space 189952K, 100% used [0x00000000d6b00000,0x00000000e2480000,0x00000000e2480000)
  from space 9728K, 62% used [0x00000000e2600000,0x00000000e2be9090,0x00000000e2f80000)
  to   space 6656K, 0% used [0x00000000e3280000,0x00000000e3280000,0x00000000e3900000)
 ParOldGen       total 54272K, used 8623K [0x0000000084000000, 0x0000000087500000, 0x00000000d6b00000)
  object space 54272K, 15% used [0x0000000084000000,0x000000008486bd88,0x0000000087500000)
 Metaspace       used 31608K, capacity 33438K, committed 33792K, reserved 1079296K
  class space    used 4184K, capacity 4551K, committed 4608K, reserved 1048576K
Event: 29.172 GC heap after
Heap after GC invocations=11 (full 1):
 PSYoungGen      total 196608K, used 4676K [0x00000000d6b00000, 0x00000000e3900000, 0x0000000100000000)
  eden space 189952K, 0% used [0x00000000d6b00000,0x00000000d6b00000,0x00000000e2480000)
  from space 6656K, 70% used [0x00000000e3280000,0x00000000e37113a8,0x00000000e3900000)
  to   space 9728K, 0% used [0x00000000e2600000,0x00000000e2600000,0x00000000e2f80000)
 ParOldGen       total 54272K, used 11123K [0x0000000084000000, 0x0000000087500000, 0x00000000d6b00000)
  object space 54272K, 20% used [0x0000000084000000,0x0000000084adceb8,0x0000000087500000)
 Metaspace       used 31608K, capacity 33438K, committed 33792K, reserved 1079296K
  class space    used 4184K, capacity 4551K, committed 4608K, reserved 1048576K
}

