# JRE version: Java(TM) SE Runtime Environment (8.0_152-b16) (build 1.8.0_152-b16)
# Java VM: Java HotSpot(TM) 64-Bit Server VM (25.152-b16 mixed mode windows-amd64 compressed oops)
Heap:
 PSYoungGen      total 138240K, used 31399K [0x00000000f5580000, 0x0000000100000000, 0x0000000100000000)
  eden space 120320K, 26% used [0x00000000f5580000,0x00000000f7429d28,0x00000000fcb00000)
  from space 17920K, 0% used [0x00000000fee80000,0x00000000fee80000,0x0000000100000000)
  to   space 27136K, 0% used [0x00000000fcb00000,0x00000000fcb00000,0x00000000fe580000)
 ParOldGen       total 109568K, used 43761K [0x00000000e0000000, 0x00000000e6b00000, 0x00000000f5580000)
  object space 109568K, 39% used [0x00000000e0000000,0x00000000e2abc718,0x00000000e6b00000)
 Metaspace       used 21820K, capacity 22456K, committed 22656K, reserved 1069056K
  class space    used 2524K, capacity 2673K, committed 2688K, reserved 1048576K
GC Heap History (10 events):
Event: 4.047 GC heap before
{Heap before GC invocations=5 (full 0):
 PSYoungGen      total 71680K, used 71672K [0x00000000f5580000, 0x00000000fa080000, 0x0000000100000000)
  eden space 66560K, 100% used [0x00000000f5580000,0x00000000f9680000,0x00000000f9680000)
  from space 5120K, 99% used [0x00000000f9b80000,0x00000000fa07e050,0x00000000fa080000)
  to   space 5120K, 0% used [0x00000000f9680000,0x00000000f9680000,0x00000000f9b80000)
 ParOldGen       total 87552K, used 5509K [0x00000000e0000000, 0x00000000e5580000, 0x00000000f5580000)
  object space 87552K, 6% used [0x00000000e0000000,0x00000000e05614f0,0x00000000e5580000)
 Metaspace       used 14263K, capacity 14576K, committed 14848K, reserved 1062912K
  class space    used 1687K, capacity 1777K, committed 1792K, reserved 1048576K
Event: 4.113 GC heap after
Heap after GC invocations=5 (full 0):
 PSYoungGen      total 71680K, used 5112K [0x00000000f5580000, 0x00000000fee80000, 0x0000000100000000)
  eden space 66560K, 0% used [0x00000000f5580000,0x00000000f5580000,0x00000000f9680000)
  from space 5120K, 99% used [0x00000000f9680000,0x00000000f9b7e030,0x00000000f9b80000)
  to   space 11776K, 0% used [0x00000000fe300000,0x00000000fe300000,0x00000000fee80000)
 ParOldGen       total 87552K, used 11602K [0x00000000e0000000, 0x00000000e5580000, 0x00000000f5580000)
  object space 87552K, 13% used [0x00000000e0000000,0x00000000e0b54b48,0x00000000e5580000)
 Metaspace       used 14263K, capacity 14576K, committed 14848K, reserved 1062912K
  class space    used 1687K, capacity 1777K, committed 1792K, reserved 1048576K
}
Event: 5.198 GC heap before
{Heap before GC invocations=6 (full 0):
 PSYoungGen      total 71680K, used 71672K [0x00000000f5580000, 0x00000000fee80000, 0x0000000100000000)
  eden space 66560K, 100% used [0x00000000f5580000,0x00000000f9680000,0x00000000f9680000)
  from space 5120K, 99% used [0x00000000f9680000,0x00000000f9b7e030,0x00000000f9b80000)
  to   space 11776K, 0% used [0x00000000fe300000,0x00000000fe300000,0x00000000fee80000)
 ParOldGen       total 87552K, used 11602K [0x00000000e0000000, 0x00000000e5580000, 0x00000000f5580000)
  object space 87552K, 13% used [0x00000000e0000000,0x00000000e0b54b48,0x00000000e5580000)
 Metaspace       used 14652K, capacity 14990K, committed 15104K, reserved 1062912K
  class space    used 1699K, capacity 1782K, committed 1792K, reserved 1048576K
Event: 5.223 GC heap after
Heap after GC invocations=6 (full 0):
 PSYoungGen      total 143872K, used 10648K [0x00000000f5580000, 0x00000000ff080000, 0x0000000100000000)
  eden space 132096K, 0% used [0x00000000f5580000,0x00000000f5580000,0x00000000fd680000)
  from space 11776K, 90% used [0x00000000fe300000,0x00000000fed66030,0x00000000fee80000)
  to   space 12800K, 0% used [0x00000000fd680000,0x00000000fd680000,0x00000000fe300000)
 ParOldGen       total 87552K, used 11602K [0x00000000e0000000, 0x00000000e5580000, 0x00000000f5580000)
  object space 87552K, 13% used [0x00000000e0000000,0x00000000e0b54b48,0x00000000e5580000)
 Metaspace       used 14652K, capacity 14990K, committed 15104K, reserved 1062912K
  class space    used 1699K, capacity 1782K, committed 1792K, reserved 1048576K
}
Event: 6.884 GC heap before
{Heap before GC invocations=7 (full 0):
 PSYoungGen      total 143872K, used 142744K [0x00000000f5580000, 0x00000000ff080000, 0x0000000100000000)
  eden space 132096K, 100% used [0x00000000f5580000,0x00000000fd680000,0x00000000fd680000)
  from space 11776K, 90% used [0x00000000fe300000,0x00000000fed66030,0x00000000fee80000)
  to   space 12800K, 0% used [0x00000000fd680000,0x00000000fd680000,0x00000000fe300000)
 ParOldGen       total 87552K, used 11602K [0x00000000e0000000, 0x00000000e5580000, 0x00000000f5580000)
  object space 87552K, 13% used [0x00000000e0000000,0x00000000e0b54b48,0x00000000e5580000)
 Metaspace       used 15306K, capacity 15608K, committed 15744K, reserved 1062912K
  class space    used 1756K, capacity 1857K, committed 1920K, reserved 1048576K
Event: 6.914 GC heap after
Heap after GC invocations=7 (full 0):
 PSYoungGen      total 144896K, used 12800K [0x00000000f5580000, 0x0000000100000000, 0x0000000100000000)
  eden space 132096K, 0% used [0x00000000f5580000,0x00000000f5580000,0x00000000fd680000)
  from space 12800K, 100% used [0x00000000fd680000,0x00000000fe300000,0x00000000fe300000)
  to   space 17920K, 0% used [0x00000000fee80000,0x00000000fee80000,0x0000000100000000)
 ParOldGen       total 87552K, used 18515K [0x00000000e0000000, 0x00000000e5580000, 0x00000000f5580000)
  object space 87552K, 21% used [0x00000000e0000000,0x00000000e1214d18,0x00000000e5580000)
 Metaspace       used 15306K, capacity 15608K, committed 15744K, reserved 1062912K
  class space    used 1756K, capacity 1857K, committed 1920K, reserved 1048576K
}
Event: 11.597 GC heap before
{Heap before GC invocations=8 (full 0):
 PSYoungGen      total 144896K, used 104636K [0x00000000f5580000, 0x0000000100000000, 0x0000000100000000)
  eden space 132096K, 69% used [0x00000000f5580000,0x00000000faf2f3f8,0x00000000fd680000)
  from space 12800K, 100% used [0x00000000fd680000,0x00000000fe300000,0x00000000fe300000)
  to   space 17920K, 0% used [0x00000000fee80000,0x00000000fee80000,0x0000000100000000)
 ParOldGen       total 87552K, used 18515K [0x00000000e0000000, 0x00000000e5580000, 0x00000000f5580000)
  object space 87552K, 21% used [0x00000000e0000000,0x00000000e1214d18,0x00000000e5580000)
 Metaspace       used 20659K, capacity 21176K, committed 21248K, reserved 1069056K
  class space    used 2401K, capacity 2545K, committed 2560K, reserved 1048576K
Event: 11.681 GC heap after
Heap after GC invocations=8 (full 0):
 PSYoungGen      total 138240K, used 17896K [0x00000000f5580000, 0x0000000100000000, 0x0000000100000000)
  eden space 120320K, 0% used [0x00000000f5580000,0x00000000f5580000,0x00000000fcb00000)
  from space 17920K, 99% used [0x00000000fee80000,0x00000000ffffa330,0x0000000100000000)
  to   space 27136K, 0% used [0x00000000fcb00000,0x00000000fcb00000,0x00000000fe580000)
 ParOldGen       total 87552K, used 33565K [0x00000000e0000000, 0x00000000e5580000, 0x00000000f5580000)
  object space 87552K, 38% used [0x00000000e0000000,0x00000000e20c7750,0x00000000e5580000)
 Metaspace       used 20659K, capacity 21176K, committed 21248K, reserved 1069056K
  class space    used 2401K, capacity 2545K, committed 2560K, reserved 1048576K
}
Event: 11.681 GC heap before
{Heap before GC invocations=9 (full 1):
 PSYoungGen      total 138240K, used 17896K [0x00000000f5580000, 0x0000000100000000, 0x0000000100000000)
  eden space 120320K, 0% used [0x00000000f5580000,0x00000000f5580000,0x00000000fcb00000)
  from space 17920K, 99% used [0x00000000fee80000,0x00000000ffffa330,0x0000000100000000)
  to   space 27136K, 0% used [0x00000000fcb00000,0x00000000fcb00000,0x00000000fe580000)
 ParOldGen       total 87552K, used 33565K [0x00000000e0000000, 0x00000000e5580000, 0x00000000f5580000)
  object space 87552K, 38% used [0x00000000e0000000,0x00000000e20c7750,0x00000000e5580000)
 Metaspace       used 20659K, capacity 21176K, committed 21248K, reserved 1069056K
  class space    used 2401K, capacity 2545K, committed 2560K, reserved 1048576K
Event: 12.053 GC heap after
Heap after GC invocations=9 (full 1):
 PSYoungGen      total 138240K, used 0K [0x00000000f5580000, 0x0000000100000000, 0x0000000100000000)
  eden space 120320K, 0% used [0x00000000f5580000,0x00000000f5580000,0x00000000fcb00000)
  from space 17920K, 0% used [0x00000000fee80000,0x00000000fee80000,0x0000000100000000)
  to   space 27136K, 0% used [0x00000000fcb00000,0x00000000fcb00000,0x00000000fe580000)
 ParOldGen       total 109568K, used 43761K [0x00000000e0000000, 0x00000000e6b00000, 0x00000000f5580000)
  object space 109568K, 39% used [0x00000000e0000000,0x00000000e2abc718,0x00000000e6b00000)
 Metaspace       used 20659K, capacity 21176K, committed 21248K, reserved 1069056K
  class space    used 2401K, capacity 2545K, committed 2560K, reserved 1048576K
}

